<?xml version="1.0" encoding="UTF-8"?>
<checkstyle version="10.3.3">
<file name="C:\Users\admin\IdeaProjects\homePractics\src\main\java\homework2\bilet.java">
<error line="1" column="9" severity="warning" message="Package name &apos;homework2&apos; must match pattern &apos;^[a-z]+(\.[a-z][a-z0-9]*)*$&apos;." source="com.puppycrawl.tools.checkstyle.checks.naming.PackageNameCheck"/>
<error line="3" column="14" severity="warning" message="Type name &apos;bilet&apos; must match pattern &apos;^[A-Z][a-zA-Z0-9]*$&apos;." source="com.puppycrawl.tools.checkstyle.checks.naming.TypeNameCheck"/>
</file>
<file name="C:\Users\admin\IdeaProjects\homePractics\src\test\java\homework2\biletTest.java">
<error line="1" severity="warning" message="Файл не заканчивается пустой строкой." source="com.puppycrawl.tools.checkstyle.checks.NewlineAtEndOfFileCheck"/>
<error line="1" column="9" severity="warning" message="Package name &apos;homework2&apos; must match pattern &apos;^[a-z]+(\.[a-z][a-z0-9]*)*$&apos;." source="com.puppycrawl.tools.checkstyle.checks.naming.PackageNameCheck"/>
<error line="5" column="1" severity="warning" message="import для &apos;org.junit.jupiter.api.Assertions.assertEquals&apos; находится не в том порядке. Должен быть в группе &apos;STATIC&apos;. В этой строке ожидается import-ы не принадлежащие группе." source="com.puppycrawl.tools.checkstyle.checks.imports.CustomImportOrderCheck"/>
<error line="6" column="1" severity="warning" message="import для &apos;org.junit.jupiter.api.Assertions.assertTrue&apos; находится не в том порядке. Должен быть в группе &apos;STATIC&apos;. В этой строке ожидается import-ы не принадлежащие группе." source="com.puppycrawl.tools.checkstyle.checks.imports.CustomImportOrderCheck"/>
<error line="10" column="14" severity="warning" message="Type name &apos;biletTest&apos; must match pattern &apos;^[A-Z][a-zA-Z0-9]*$&apos;." source="com.puppycrawl.tools.checkstyle.checks.naming.TypeNameCheck"/>
<error line="14" column="8" severity="warning" message="&apos;method def&apos; дочерний элемент имеет неправильный уровень отступа 7, ожидаемый уровень 8." source="com.puppycrawl.tools.checkstyle.checks.indentation.IndentationCheck"/>
<error line="15" column="8" severity="warning" message="&apos;method def&apos; дочерний элемент имеет неправильный уровень отступа 7, ожидаемый уровень 8." source="com.puppycrawl.tools.checkstyle.checks.indentation.IndentationCheck"/>
<error line="16" column="8" severity="warning" message="&apos;method def&apos; дочерний элемент имеет неправильный уровень отступа 7, ожидаемый уровень 8." source="com.puppycrawl.tools.checkstyle.checks.indentation.IndentationCheck"/>
<error line="18" column="4" severity="warning" message="&apos;method def rcurly&apos; имеет неправильный уровень отступа 3, ожидаемый уровень 4." source="com.puppycrawl.tools.checkstyle.checks.indentation.IndentationCheck"/>
</file>
</checkstyle>
